This is pdfTeX, Version 3.141592653-2.6-1.40.25 (MiKTeX 23.4) (preloaded format=pdflatex 2023.5.5)  5 MAY 2023 12:07
entering extended mode
 restricted \write18 enabled.
 %&-line parsing enabled.
**C:/Users/wafra/OneDrive/Dokumente/Lab2/PV-Inselbetrieb/Pv_Insel.tex
(C:/Users/wafra/OneDrive/Dokumente/Lab2/PV-Inselbetrieb/Pv_Insel.tex
LaTeX2e <2022-11-01> patch level 1
L3 programming layer <2023-03-30>
(C:/Users/wafra/OneDrive/Dokumente/Lab2/PV-Inselbetrieb\Sub-Files/head.tex
(C:\Users\wafra\AppData\Local\Programs\MiKTeX\tex/latex/koma-script\scrartcl.cl
s
Document Class: scrartcl 2023/04/24 v3.40 KOMA-Script document class (article)

(C:\Users\wafra\AppData\Local\Programs\MiKTeX\tex/latex/koma-script\scrkbase.st
y
Package: scrkbase 2023/04/24 v3.40 KOMA-Script package (KOMA-Script-dependent b
asics and keyval usage)

(C:\Users\wafra\AppData\Local\Programs\MiKTeX\tex/latex/koma-script\scrbase.sty
Package: scrbase 2023/04/24 v3.40 KOMA-Script package (KOMA-Script-independent 
basics and keyval usage)

(C:\Users\wafra\AppData\Local\Programs\MiKTeX\tex/latex/koma-script\scrlfile.st
y
Package: scrlfile 2023/04/24 v3.40 KOMA-Script package (file load hooks)

(C:\Users\wafra\AppData\Local\Programs\MiKTeX\tex/latex/koma-script\scrlfile-ho
ok.sty
Package: scrlfile-hook 2023/04/24 v3.40 KOMA-Script package (using LaTeX hooks)


(C:\Users\wafra\AppData\Local\Programs\MiKTeX\tex/latex/koma-script\scrlogo.sty
Package: scrlogo 2023/04/24 v3.40 KOMA-Script package (logo)
))) (C:\Users\wafra\AppData\Local\Programs\MiKTeX\tex/latex/graphics\keyval.sty
Package: keyval 2022/05/29 v1.15 key=value parser (DPC)
\KV@toks@=\toks16
)
Applying: [2021/05/01] Usage of raw or classic option list on input line 252.
Already applied: [0000/00/00] Usage of raw or classic option list on input line
 368.
))
(C:\Users\wafra\AppData\Local\Programs\MiKTeX\tex/latex/koma-script\tocbasic.st
y
Package: tocbasic 2023/04/24 v3.40 KOMA-Script package (handling toc-files)
\scr@dte@tocline@numberwidth=\skip48
\scr@dte@tocline@numbox=\box51
)
Package tocbasic Info: omitting babel extension for `toc'
(tocbasic)             because of feature `nobabel' available
(tocbasic)             for `toc' on input line 133.
Package scrartcl Info: You've used standard option `11pt'.
(scrartcl)             This is correct!
(scrartcl)             Internally I'm using `fontsize=11pt'.
(scrartcl)             If you'd like to set the option with \KOMAoptions,
(scrartcl)             you'd have to use `fontsize=11pt' there
(scrartcl)             instead of `11pt', too.
Class scrartcl Info: You've used standard option `oneside'.
(scrartcl)           This is correct!
(scrartcl)           Internally I'm using `twoside=false'.
(scrartcl)           If you'd like to set the option with \KOMAoptions,
(scrartcl)           you'd have to use `twoside=false' there
(scrartcl)           instead of `oneside', too.
Class scrartcl Info: File `scrsize11pt.clo' used to setup font sizes on input l
ine 2418.

(C:\Users\wafra\AppData\Local\Programs\MiKTeX\tex/latex/koma-script\scrsize11pt
.clo
File: scrsize11pt.clo 2023/04/24 v3.40 KOMA-Script font size class option (11pt
)
)
(C:\Users\wafra\AppData\Local\Programs\MiKTeX\tex/latex/koma-script\typearea.st
y
Package: typearea 2023/04/24 v3.40 KOMA-Script package (type area)
\ta@bcor=\skip49
\ta@div=\count185
Package typearea Info: You've used standard option `a4paper'.
(typearea)             This is correct!
(typearea)             Internally I'm using `paper=a4'.
(typearea)             If you'd like to set the option with \KOMAoptions,
(typearea)             you'd have to use `paper=a4' there
(typearea)             instead of `a4paper', too.
Package typearea Info: You've used standard option `oneside'.
(typearea)             This is correct!
(typearea)             Internally I'm using `twoside=false'.
(typearea)             If you'd like to set the option with \KOMAoptions,
(typearea)             you'd have to use `twoside=false' there
(typearea)             instead of `oneside', too.
\ta@hblk=\skip50
\ta@vblk=\skip51
\ta@temp=\skip52
\footheight=\skip53
Package typearea Info: These are the values describing the layout:
(typearea)             DIV  = 10
(typearea)             BCOR = 0.0pt
(typearea)             \paperwidth      = 597.50793pt
(typearea)              \textwidth      = 418.25555pt
(typearea)              DIV departure   = -6%
(typearea)              \evensidemargin = 17.3562pt
(typearea)              \oddsidemargin  = 17.3562pt
(typearea)             \paperheight     = 845.04694pt
(typearea)              \textheight     = 595.80026pt
(typearea)              \topmargin      = -25.16531pt
(typearea)              \headheight     = 17.0pt
(typearea)              \headsep        = 20.40001pt
(typearea)              \topskip        = 11.0pt
(typearea)              \footskip       = 47.6pt
(typearea)              \baselineskip   = 13.6pt
(typearea)              on input line 1798.
)
\c@part=\count186
\c@section=\count187
\c@subsection=\count188
\c@subsubsection=\count189
\c@paragraph=\count190
\c@subparagraph=\count191
\scr@dte@section@maxnumwidth=\skip54
Class scrartcl Info: using compatibility default `runin=bysign'
(scrartcl)           for `\section on input line 5046.
Class scrartcl Info: using compatibility default `afterindent=bysign'
(scrartcl)           for `\section on input line 5046.
\scr@dte@part@maxnumwidth=\skip55
Class scrartcl Info: using compatibility default `afterindent=false'
(scrartcl)           for `\part on input line 5054.
\scr@dte@subsection@maxnumwidth=\skip56
Class scrartcl Info: using compatibility default `runin=bysign'
(scrartcl)           for `\subsection on input line 5064.
Class scrartcl Info: using compatibility default `afterindent=bysign'
(scrartcl)           for `\subsection on input line 5064.
\scr@dte@subsubsection@maxnumwidth=\skip57
Class scrartcl Info: using compatibility default `runin=bysign'
(scrartcl)           for `\subsubsection on input line 5074.
Class scrartcl Info: using compatibility default `afterindent=bysign'
(scrartcl)           for `\subsubsection on input line 5074.
\scr@dte@paragraph@maxnumwidth=\skip58
Class scrartcl Info: using compatibility default `runin=bysign'
(scrartcl)           for `\paragraph on input line 5085.
Class scrartcl Info: using compatibility default `afterindent=bysign'
(scrartcl)           for `\paragraph on input line 5085.
\scr@dte@subparagraph@maxnumwidth=\skip59
Class scrartcl Info: using compatibility default `runin=bysign'
(scrartcl)           for `\subparagraph on input line 5095.
Class scrartcl Info: using compatibility default `afterindent=bysign'
(scrartcl)           for `\subparagraph on input line 5095.
\abovecaptionskip=\skip60
\belowcaptionskip=\skip61
\c@pti@nb@sid@b@x=\box52
Package tocbasic Info: omitting babel extension for `lof'
(tocbasic)             because of feature `nobabel' available
(tocbasic)             for `lof' on input line 6263.
\scr@dte@figure@maxnumwidth=\skip62
\c@figure=\count192
Package tocbasic Info: omitting babel extension for `lot'
(tocbasic)             because of feature `nobabel' available
(tocbasic)             for `lot' on input line 6279.
\scr@dte@table@maxnumwidth=\skip63
\c@table=\count193
Class scrartcl Info: Redefining `\numberline' on input line 6449.
\bibindent=\dimen140
)
(C:\Users\wafra\AppData\Local\Programs\MiKTeX\tex/latex/geometry\geometry.sty
Package: geometry 2020/01/02 v5.9 Page Geometry

(C:\Users\wafra\AppData\Local\Programs\MiKTeX\tex/generic/iftex\ifvtex.sty
Package: ifvtex 2019/10/25 v1.7 ifvtex legacy package. Use iftex instead.

(C:\Users\wafra\AppData\Local\Programs\MiKTeX\tex/generic/iftex\iftex.sty
Package: iftex 2022/02/03 v1.0f TeX engine tests
))
\Gm@cnth=\count194
\Gm@cntv=\count195
\c@Gm@tempcnt=\count196
\Gm@bindingoffset=\dimen141
\Gm@wd@mp=\dimen142
\Gm@odd@mp=\dimen143
\Gm@even@mp=\dimen144
\Gm@layoutwidth=\dimen145
\Gm@layoutheight=\dimen146
\Gm@layouthoffset=\dimen147
\Gm@layoutvoffset=\dimen148
\Gm@dimlist=\toks17

(C:\Users\wafra\AppData\Local\Programs\MiKTeX\tex/latex/geometry\geometry.cfg))
(C:\Users\wafra\AppData\Local\Programs\MiKTeX\tex/latex/setspace\setspace.sty
Package: setspace 2022/12/04 v6.7b set line spacing
)
(C:\Users\wafra\AppData\Local\Programs\MiKTeX\tex/latex/footmisc\footmisc.sty
Package: footmisc 2022/03/08 v6.0d a miscellany of footnote facilities
\FN@temptoken=\toks18
\footnotemargin=\dimen149
\@outputbox@depth=\dimen150
Package footmisc Info: Declaring symbol style bringhurst on input line 695.
Package footmisc Info: Declaring symbol style chicago on input line 703.
Package footmisc Info: Declaring symbol style wiley on input line 712.
Package footmisc Info: Declaring symbol style lamport-robust on input line 723.

Package footmisc Info: Declaring symbol style lamport* on input line 743.
Package footmisc Info: Declaring symbol style lamport*-robust on input line 764
.
)
(C:\Users\wafra\AppData\Local\Programs\MiKTeX\tex/latex/tools\longtable.sty
Package: longtable 2021-09-01 v4.17 Multi-page Table package (DPC)
\LTleft=\skip64
\LTright=\skip65
\LTpre=\skip66
\LTpost=\skip67
\LTchunksize=\count197
\LTcapwidth=\dimen151
\LT@head=\box53
\LT@firsthead=\box54
\LT@foot=\box55
\LT@lastfoot=\box56
\LT@gbox=\box57
\LT@cols=\count198
\LT@rows=\count199
\c@LT@tables=\count266
\c@LT@chunks=\count267
\LT@p@ftn=\toks19
)
Class scrartcl Info: longtable captions redefined on input line 10.

(C:\Users\wafra\AppData\Local\Programs\MiKTeX\tex/latex/base\fontenc.sty
Package: fontenc 2021/04/29 v2.0v Standard LaTeX package
)
(C:\Users\wafra\AppData\Local\Programs\MiKTeX\tex/latex/base\inputenc.sty
Package: inputenc 2021/02/14 v1.3d Input encoding file
\inpenc@prehook=\toks20
\inpenc@posthook=\toks21
)
(C:\Users\wafra\AppData\Local\Programs\MiKTeX\tex/generic/babel\babel.sty
Package: babel 2023/03/28 3.87 The Babel package
\babel@savecnt=\count268
\U@D=\dimen152
\l@unhyphenated=\language79

(C:\Users\wafra\AppData\Local\Programs\MiKTeX\tex/generic/babel\txtbabel.def)
\bbl@readstream=\read2
\bbl@dirlevel=\count269

*************************************
* Local config file bblopts.cfg used
*
(C:\Users\wafra\AppData\Local\Programs\MiKTeX\tex/latex/arabi\bblopts.cfg
File: bblopts.cfg 2005/09/08 v0.1 add Arabic and Farsi to "declared" options of
 babel
)
(C:\Users\wafra\AppData\Local\Programs\MiKTeX\tex/latex/babel-german\ngerman.ld
f
Language: ngerman 2021/02/27 v2.13 German support for babel (post-1996 orthogra
phy)

(C:\Users\wafra\AppData\Local\Programs\MiKTeX\tex/latex/babel-german\ngermanb.l
df
Language: ngermanb 2021/02/27 v2.13 German support for babel (post-1996 orthogr
aphy)
Package babel Info: Making " an active character on input line 122.
)))
(C:\Users\wafra\AppData\Local\Programs\MiKTeX\tex/generic/babel/locale/de\babel
-ngerman.tex
Package babel Info: Importing font and identification data for ngerman
(babel)             from babel-de.ini. Reported on input line 11.
)
(C:\Users\wafra\AppData\Local\Programs\MiKTeX\tex/latex/eurosym\eurosym.sty
Package: eurosym 1998/08/06 v1.1 European currency symbol ``Euro''
\@eurobox=\box58
)
(C:\Users\wafra\AppData\Local\Programs\MiKTeX\tex/latex/lm\lmodern.sty
Package: lmodern 2015/05/01 v1.6.1 Latin Modern Fonts
LaTeX Font Info:    Overwriting symbol font `operators' in version `normal'
(Font)                  OT1/cmr/m/n --> OT1/lmr/m/n on input line 22.
LaTeX Font Info:    Overwriting symbol font `letters' in version `normal'
(Font)                  OML/cmm/m/it --> OML/lmm/m/it on input line 23.
LaTeX Font Info:    Overwriting symbol font `symbols' in version `normal'
(Font)                  OMS/cmsy/m/n --> OMS/lmsy/m/n on input line 24.
LaTeX Font Info:    Overwriting symbol font `largesymbols' in version `normal'
(Font)                  OMX/cmex/m/n --> OMX/lmex/m/n on input line 25.
LaTeX Font Info:    Overwriting symbol font `operators' in version `bold'
(Font)                  OT1/cmr/bx/n --> OT1/lmr/bx/n on input line 26.
LaTeX Font Info:    Overwriting symbol font `letters' in version `bold'
(Font)                  OML/cmm/b/it --> OML/lmm/b/it on input line 27.
LaTeX Font Info:    Overwriting symbol font `symbols' in version `bold'
(Font)                  OMS/cmsy/b/n --> OMS/lmsy/b/n on input line 28.
LaTeX Font Info:    Overwriting symbol font `largesymbols' in version `bold'
(Font)                  OMX/cmex/m/n --> OMX/lmex/m/n on input line 29.
LaTeX Font Info:    Overwriting math alphabet `\mathbf' in version `normal'
(Font)                  OT1/cmr/bx/n --> OT1/lmr/bx/n on input line 31.
LaTeX Font Info:    Overwriting math alphabet `\mathsf' in version `normal'
(Font)                  OT1/cmss/m/n --> OT1/lmss/m/n on input line 32.
LaTeX Font Info:    Overwriting math alphabet `\mathit' in version `normal'
(Font)                  OT1/cmr/m/it --> OT1/lmr/m/it on input line 33.
LaTeX Font Info:    Overwriting math alphabet `\mathtt' in version `normal'
(Font)                  OT1/cmtt/m/n --> OT1/lmtt/m/n on input line 34.
LaTeX Font Info:    Overwriting math alphabet `\mathbf' in version `bold'
(Font)                  OT1/cmr/bx/n --> OT1/lmr/bx/n on input line 35.
LaTeX Font Info:    Overwriting math alphabet `\mathsf' in version `bold'
(Font)                  OT1/cmss/bx/n --> OT1/lmss/bx/n on input line 36.
LaTeX Font Info:    Overwriting math alphabet `\mathit' in version `bold'
(Font)                  OT1/cmr/bx/it --> OT1/lmr/bx/it on input line 37.
LaTeX Font Info:    Overwriting math alphabet `\mathtt' in version `bold'
(Font)                  OT1/cmtt/m/n --> OT1/lmtt/m/n on input line 38.
)
(C:\Users\wafra\AppData\Local\Programs\MiKTeX\tex/latex/blindtext\blindtext.sty
Package: blindtext 2012/01/06 V2.0 blindtext-Package
(C:\Users\wafra\AppData\Local\Programs\MiKTeX\tex/latex/tools\xspace.sty
Package: xspace 2014/10/28 v1.13 Space after command names (DPC,MH)
)
\c@blindtext=\count270
\c@Blindtext=\count271
\c@blind@countparstart=\count272
\blind@countxx=\count273
\blindtext@numBlindtext=\count274
\blind@countyy=\count275
\c@blindlist=\count276
\c@blindlistlevel=\count277
\c@blindlist@level=\count278
\blind@listitem=\count279
\c@blind@listcount=\count280
\c@blind@levelcount=\count281
\blind@mathformula=\count282
\blind@Mathformula=\count283
\c@blind@randomcount=\count284
\c@blind@randommax=\count285
\c@blind@pangramcount=\count286
\c@blind@pangrammax=\count287
)
(C:\Users\wafra\AppData\Local\Programs\MiKTeX\tex/latex/amsmath\amsmath.sty
Package: amsmath 2022/04/08 v2.17n AMS math features
\@mathmargin=\skip68

For additional information on amsmath, use the `?' option.
(C:\Users\wafra\AppData\Local\Programs\MiKTeX\tex/latex/amsmath\amstext.sty
Package: amstext 2021/08/26 v2.01 AMS text

(C:\Users\wafra\AppData\Local\Programs\MiKTeX\tex/latex/amsmath\amsgen.sty
File: amsgen.sty 1999/11/30 v2.0 generic functions
\@emptytoks=\toks22
\ex@=\dimen153
))
(C:\Users\wafra\AppData\Local\Programs\MiKTeX\tex/latex/amsmath\amsbsy.sty
Package: amsbsy 1999/11/29 v1.2d Bold Symbols
\pmbraise@=\dimen154
)
(C:\Users\wafra\AppData\Local\Programs\MiKTeX\tex/latex/amsmath\amsopn.sty
Package: amsopn 2022/04/08 v2.04 operator names
)
\inf@bad=\count288
LaTeX Info: Redefining \frac on input line 234.
\uproot@=\count289
\leftroot@=\count290
LaTeX Info: Redefining \overline on input line 399.
LaTeX Info: Redefining \colon on input line 410.
\classnum@=\count291
\DOTSCASE@=\count292
LaTeX Info: Redefining \ldots on input line 496.
LaTeX Info: Redefining \dots on input line 499.
LaTeX Info: Redefining \cdots on input line 620.
\Mathstrutbox@=\box59
\strutbox@=\box60
LaTeX Info: Redefining \big on input line 722.
LaTeX Info: Redefining \Big on input line 723.
LaTeX Info: Redefining \bigg on input line 724.
LaTeX Info: Redefining \Bigg on input line 725.
\big@size=\dimen155
LaTeX Font Info:    Redeclaring font encoding OML on input line 743.
LaTeX Font Info:    Redeclaring font encoding OMS on input line 744.
\macc@depth=\count293
LaTeX Info: Redefining \bmod on input line 905.
LaTeX Info: Redefining \pmod on input line 910.
LaTeX Info: Redefining \smash on input line 940.
LaTeX Info: Redefining \relbar on input line 970.
LaTeX Info: Redefining \Relbar on input line 971.
\c@MaxMatrixCols=\count294
\dotsspace@=\muskip16
\c@parentequation=\count295
\dspbrk@lvl=\count296
\tag@help=\toks23
\row@=\count297
\column@=\count298
\maxfields@=\count299
\andhelp@=\toks24
\eqnshift@=\dimen156
\alignsep@=\dimen157
\tagshift@=\dimen158
\tagwidth@=\dimen159
\totwidth@=\dimen160
\lineht@=\dimen161
\@envbody=\toks25
\multlinegap=\skip69
\multlinetaggap=\skip70
\mathdisplay@stack=\toks26
LaTeX Info: Redefining \[ on input line 2953.
LaTeX Info: Redefining \] on input line 2954.
)
(C:\Users\wafra\AppData\Local\Programs\MiKTeX\tex/latex/amsfonts\amssymb.sty
Package: amssymb 2013/01/14 v3.01 AMS font symbols

(C:\Users\wafra\AppData\Local\Programs\MiKTeX\tex/latex/amsfonts\amsfonts.sty
Package: amsfonts 2013/01/14 v3.01 Basic AMSFonts support
\symAMSa=\mathgroup4
\symAMSb=\mathgroup5
LaTeX Font Info:    Redeclaring math symbol \hbar on input line 98.
LaTeX Font Info:    Overwriting math alphabet `\mathfrak' in version `bold'
(Font)                  U/euf/m/n --> U/euf/b/n on input line 106.
)) (C:\Users\wafra\AppData\Local\Programs\MiKTeX\tex/latex/graphics\graphicx.st
y
Package: graphicx 2021/09/16 v1.2d Enhanced LaTeX Graphics (DPC,SPQR)

(C:\Users\wafra\AppData\Local\Programs\MiKTeX\tex/latex/graphics\graphics.sty
Package: graphics 2022/03/10 v1.4e Standard LaTeX Graphics (DPC,SPQR)

(C:\Users\wafra\AppData\Local\Programs\MiKTeX\tex/latex/graphics\trig.sty
Package: trig 2021/08/11 v1.11 sin cos tan (DPC)
)
(C:\Users\wafra\AppData\Local\Programs\MiKTeX\tex/latex/graphics-cfg\graphics.c
fg
File: graphics.cfg 2016/06/04 v1.11 sample graphics configuration
)
Package graphics Info: Driver file: pdftex.def on input line 107.

(C:\Users\wafra\AppData\Local\Programs\MiKTeX\tex/latex/graphics-def\pdftex.def
File: pdftex.def 2022/09/22 v1.2b Graphics/color driver for pdftex
))
\Gin@req@height=\dimen162
\Gin@req@width=\dimen163
) (C:\Users\wafra\AppData\Local\Programs\MiKTeX\tex/latex/psfrag\psfrag.sty
Package: psfrag 1998/04/11 v3.04 PSfrag (MCG)
\pfg@pcount=\count300
\pfg@scount=\count301
\pfg@temp=\write3
)
(C:\Users\wafra\AppData\Local\Programs\MiKTeX\tex/latex/wrapfig\wrapfig.sty
\wrapoverhang=\dimen164
\WF@size=\dimen165
\c@WF@wrappedlines=\count302
\WF@box=\box61
\WF@everypar=\toks27
Package: wrapfig 2003/01/31  v 3.6
)
(C:\Users\wafra\AppData\Local\Programs\MiKTeX\tex/latex/subfigure\subfigure.sty
Package: subfigure 2002/07/30 v2.1.4 subfigure package
\subfigtopskip=\skip71
\subfigcapskip=\skip72
\subfigcaptopadj=\dimen166
\subfigbottomskip=\skip73
\subfigcapmargin=\dimen167
\subfiglabelskip=\skip74
\c@subfigure=\count303
\c@lofdepth=\count304
\c@subtable=\count305
\c@lotdepth=\count306
****************************************
* Local config file subfigure.cfg used *
****************************************

(C:\Users\wafra\AppData\Local\Programs\MiKTeX\tex/latex/subfigure\subfigure.cfg
)
\subfig@top=\skip75
\subfig@bottom=\skip76
)
(C:\Users\wafra\AppData\Local\Programs\MiKTeX\tex/latex/koma-script\scrlayer-sc
rpage.sty
Package: scrlayer-scrpage 2023/04/24 v3.40 KOMA-Script package (end user interf
ace for scrlayer)

(C:\Users\wafra\AppData\Local\Programs\MiKTeX\tex/latex/koma-script\scrlayer.st
y
Package: scrlayer 2023/04/24 v3.40 KOMA-Script package (defining layers and pag
e styles)
Package scrlayer Info: patching LaTeX kernel macro \pagestyle on input line 217
6.
)
Package scrlayer-scrpage Info: Makeing stand-alone element `pagehead' from
(scrlayer-scrpage)             alias to `pageheadfoot' on input line 1097.
)
1: subsection
1: section
1: section
1: subsection
(C:\Users\wafra\AppData\Local\Programs\MiKTeX\tex/latex/tools\tabularx.sty
Package: tabularx 2020/01/15 v2.11c `tabularx' package (DPC)

(C:\Users\wafra\AppData\Local\Programs\MiKTeX\tex/latex/tools\array.sty
Package: array 2022/09/04 v2.5g Tabular extension package (FMi)
\col@sep=\dimen168
\ar@mcellbox=\box62
\extrarowheight=\dimen169
\NC@list=\toks28
\extratabsurround=\skip77
\backup@length=\skip78
\ar@cellbox=\box63
)
\TX@col@width=\dimen170
\TX@old@table=\dimen171
\TX@old@col=\dimen172
\TX@target=\dimen173
\TX@delta=\dimen174
\TX@cols=\count307
\TX@ftn=\toks29
)
(C:\Users\wafra\AppData\Local\Programs\MiKTeX\tex/latex/multirow\multirow.sty
Package: multirow 2021/03/15 v2.8 Span multiple rows of a table
\multirow@colwidth=\skip79
\multirow@cntb=\count308
\multirow@dima=\skip80
\bigstrutjot=\dimen175
)
(C:\Users\wafra\AppData\Local\Programs\MiKTeX\tex/latex/booktabs\booktabs.sty
Package: booktabs 2020/01/12 v1.61803398 Publication quality tables
\heavyrulewidth=\dimen176
\lightrulewidth=\dimen177
\cmidrulewidth=\dimen178
\belowrulesep=\dimen179
\belowbottomsep=\dimen180
\aboverulesep=\dimen181
\abovetopsep=\dimen182
\cmidrulesep=\dimen183
\cmidrulekern=\dimen184
\defaultaddspace=\dimen185
\@cmidla=\count309
\@cmidlb=\count310
\@aboverulesep=\dimen186
\@belowrulesep=\dimen187
\@thisruleclass=\count311
\@lastruleclass=\count312
\@thisrulewidth=\dimen188
)
(C:\Users\wafra\AppData\Local\Programs\MiKTeX\tex/latex/colortbl\colortbl.sty
Package: colortbl 2022/06/20 v1.0f Color table columns (DPC)

(C:\Users\wafra\AppData\Local\Programs\MiKTeX\tex/latex/graphics\color.sty
Package: color 2022/01/06 v1.3d Standard LaTeX Color (DPC)

(C:\Users\wafra\AppData\Local\Programs\MiKTeX\tex/latex/graphics-cfg\color.cfg
File: color.cfg 2016/01/02 v1.6 sample color configuration
)
Package color Info: Driver file: pdftex.def on input line 149.
(C:\Users\wafra\AppData\Local\Programs\MiKTeX\tex/latex/graphics\mathcolor.ltx)
)
\everycr=\toks30
\minrowclearance=\skip81
\rownum=\count313
) (C:\Users\wafra\AppData\Local\Programs\MiKTeX\tex/latex/url\url.sty
\Urlmuskip=\muskip17
Package: url 2013/09/16  ver 3.4  Verb mode for urls, etc.
)
(C:\Users\wafra\AppData\Local\Programs\MiKTeX\tex/latex/hyperref\hyperref.sty
Package: hyperref 2023-02-07 v7.00v Hypertext links for LaTeX

(C:\Users\wafra\AppData\Local\Programs\MiKTeX\tex/generic/ltxcmds\ltxcmds.sty
Package: ltxcmds 2020-05-10 v1.25 LaTeX kernel commands for general use (HO)
)
(C:\Users\wafra\AppData\Local\Programs\MiKTeX\tex/generic/pdftexcmds\pdftexcmds
.sty
Package: pdftexcmds 2020-06-27 v0.33 Utility functions of pdfTeX for LuaTeX (HO
)

(C:\Users\wafra\AppData\Local\Programs\MiKTeX\tex/generic/infwarerr\infwarerr.s
ty
Package: infwarerr 2019/12/03 v1.5 Providing info/warning/error messages (HO)
)
Package pdftexcmds Info: \pdf@primitive is available.
Package pdftexcmds Info: \pdf@ifprimitive is available.
Package pdftexcmds Info: \pdfdraftmode found.
)
(C:\Users\wafra\AppData\Local\Programs\MiKTeX\tex/latex/kvsetkeys\kvsetkeys.sty
Package: kvsetkeys 2022-10-05 v1.19 Key value parser (HO)
)
(C:\Users\wafra\AppData\Local\Programs\MiKTeX\tex/generic/kvdefinekeys\kvdefine
keys.sty
Package: kvdefinekeys 2019-12-19 v1.6 Define keys (HO)
)
(C:\Users\wafra\AppData\Local\Programs\MiKTeX\tex/generic/pdfescape\pdfescape.s
ty
Package: pdfescape 2019/12/09 v1.15 Implements pdfTeX's escape features (HO)
) (C:\Users\wafra\AppData\Local\Programs\MiKTeX\tex/latex/hycolor\hycolor.sty
Package: hycolor 2020-01-27 v1.10 Color options for hyperref/bookmark (HO)
)
(C:\Users\wafra\AppData\Local\Programs\MiKTeX\tex/latex/letltxmacro\letltxmacro
.sty
Package: letltxmacro 2019/12/03 v1.6 Let assignment for LaTeX macros (HO)
)
(C:\Users\wafra\AppData\Local\Programs\MiKTeX\tex/latex/auxhook\auxhook.sty
Package: auxhook 2019-12-17 v1.6 Hooks for auxiliary files (HO)
)
(C:\Users\wafra\AppData\Local\Programs\MiKTeX\tex/latex/hyperref\nameref.sty
Package: nameref 2022-05-17 v2.50 Cross-referencing by name of section

(C:\Users\wafra\AppData\Local\Programs\MiKTeX\tex/latex/refcount\refcount.sty
Package: refcount 2019/12/15 v3.6 Data extraction from label references (HO)
)
(C:\Users\wafra\AppData\Local\Programs\MiKTeX\tex/generic/gettitlestring\gettit
lestring.sty
Package: gettitlestring 2019/12/15 v1.6 Cleanup title references (HO)

(C:\Users\wafra\AppData\Local\Programs\MiKTeX\tex/latex/kvoptions\kvoptions.sty
Package: kvoptions 2022-06-15 v3.15 Key value format for package options (HO)
))
\c@section@level=\count314
)
\@linkdim=\dimen189
\Hy@linkcounter=\count315
\Hy@pagecounter=\count316
 (C:\Users\wafra\AppData\Local\Programs\MiKTeX\tex/latex/hyperref\pd1enc.def
File: pd1enc.def 2023-02-07 v7.00v Hyperref: PDFDocEncoding definition (HO)
Now handling font encoding PD1 ...
... no UTF-8 mapping file for font encoding PD1
)

! LaTeX Error: File `intcalc.sty' not found.

Type X to quit or <RETURN> to proceed,
or enter new name. (Default extension: sty)

Enter file name: 

! LaTeX Error: File `etexcmds.sty' not found.

Type X to quit or <RETURN> to proceed,
or enter new name. (Default extension: sty)

Enter file name: 
! Undefined control sequence.
l.1327 \ifetex@unexpanded
                         
? 
! Extra \else.
l.1329 \else
            
? 
\Hy@SavedSpaceFactor=\count317
(C:\Users\wafra\AppData\Local\Programs\MiKTeX\tex/latex/hyperref\puenc.def
File: puenc.def 2023-02-07 v7.00v Hyperref: PDF Unicode definition (HO)
Now handling font encoding PU ...
... no UTF-8 mapping file for font encoding PU
)
Package hyperref Info: Hyper figures OFF on input line 4177.
Package hyperref Info: Link nesting OFF on input line 4182.
Package hyperref Info: Hyper index ON on input line 4185.
Package hyperref Info: Plain pages OFF on input line 4192.
Package hyperref Info: Backreferencing OFF on input line 4197.
Package hyperref Info: Implicit mode ON; LaTeX internals redefined.
Package hyperref Info: Bookmarks ON on input line 4425.
\c@Hy@tempcnt=\count318
LaTeX Info: Redefining \url on input line 4763.
\XeTeXLinkMargin=\dimen190


! LaTeX Error: File `bitset.sty' not found.

Type X to quit or <RETURN> to proceed,
or enter new name. (Default extension: sty)

Enter file name: 
\Fld@menulength=\count319
\Field@Width=\dimen191
\Fld@charsize=\dimen192
Package hyperref Info: Hyper figures OFF on input line 6042.
Package hyperref Info: Link nesting OFF on input line 6047.
Package hyperref Info: Hyper index ON on input line 6050.
Package hyperref Info: backreferencing OFF on input line 6057.
Package hyperref Info: Link coloring OFF on input line 6062.
Package hyperref Info: Link coloring with OCG OFF on input line 6067.
Package hyperref Info: PDF/A mode OFF on input line 6072.
(C:\Users\wafra\AppData\Local\Programs\MiKTeX\tex/latex/base\atbegshi-ltx.sty
Package: atbegshi-ltx 2021/01/10 v1.0c Emulation of the original atbegshi
package with kernel methods
)
\Hy@abspage=\count320
\c@Item=\count321
\c@Hfootnote=\count322
)
Package hyperref Info: Driver (autodetected): hpdftex.
(C:\Users\wafra\AppData\Local\Programs\MiKTeX\tex/latex/hyperref\hpdftex.def
File: hpdftex.def 2023-02-07 v7.00v Hyperref driver for pdfTeX

(C:\Users\wafra\AppData\Local\Programs\MiKTeX\tex/latex/base\atveryend-ltx.sty
Package: atveryend-ltx 2020/08/19 v1.0a Emulation of the original atveryend pac
kage
with kernel methods
)
\Fld@listcount=\count323
\c@bookmark@seq@number=\count324

! LaTeX Error: File `rerunfilecheck.sty' not found.

Type X to quit or <RETURN> to proceed,
or enter new name. (Default extension: sty)

Enter file name: 
\Hy@SectionHShift=\skip82
)
! Extra \fi.
<argument> ...op@@ }\expandafter \@firstofone \fi 
                                                  
l.40 \bibliographystyle
                       {unsrt}
? 

! LaTeX Error: File `caption.sty' not found.

Type X to quit or <RETURN> to proceed,
or enter new name. (Default extension: sty)

Enter file name: 

! LaTeX Error: File `units.sty' not found.

Type X to quit or <RETURN> to proceed,
or enter new name. (Default extension: sty)

Enter file name: 

! LaTeX Error: File `float.sty' not found.

Type X to quit or <RETURN> to proceed,
or enter new name. (Default extension: sty)

Enter file name: 
(C:\Users\wafra\AppData\Local\Programs\MiKTeX\tex/latex/xcolor\xcolor.sty
Package: xcolor 2022/06/12 v2.14 LaTeX color extensions (UK)

(C:\Users\wafra\AppData\Local\Programs\MiKTeX\tex/latex/graphics-cfg\color.cfg
File: color.cfg 2016/01/02 v1.6 sample color configuration
)
Package xcolor Info: Driver file: pdftex.def on input line 227.
LaTeX Info: Redefining \color on input line 711.
(C:\Users\wafra\AppData\Local\Programs\MiKTeX\tex/latex/graphics\mathcolor.ltx)
Package xcolor Info: Model `cmy' substituted by `cmy0' on input line 1353.
Package xcolor Info: Model `hsb' substituted by `rgb' on input line 1357.
Package xcolor Info: Model `RGB' extended on input line 1369.
Package xcolor Info: Model `HTML' substituted by `rgb' on input line 1371.
Package xcolor Info: Model `Hsb' substituted by `hsb' on input line 1372.
Package xcolor Info: Model `tHsb' substituted by `hsb' on input line 1373.
Package xcolor Info: Model `HSB' substituted by `hsb' on input line 1374.
Package xcolor Info: Model `Gray' substituted by `gray' on input line 1375.
Package xcolor Info: Model `wave' substituted by `hsb' on input line 1376.
) (C:\Users\wafra\AppData\Local\Programs\MiKTeX\tex/latex/tools\hhline.sty
Package: hhline 2020/01/04 v2.04 Table rule package (DPC)
))
LaTeX Font Info:    Trying to load font information for T1+lmr on input line 6.


(C:\Users\wafra\AppData\Local\Programs\MiKTeX\tex/latex/lm\t1lmr.fd
File: t1lmr.fd 2015/05/01 v1.6.1 Font defs for Latin Modern
)
(C:\Users\wafra\AppData\Local\Programs\MiKTeX\tex/latex/l3backend\l3backend-pdf
tex.def
File: l3backend-pdftex.def 2023-03-30 L3 backend support: PDF output (pdfTeX)
\l__color_backend_stack_int=\count325
\l__pdf_internal_box=\box64
) (C:/Users/wafra/OneDrive/Dokumente/Lab2/PV-Inselbetrieb\Pv_Insel.aux)
\openout1 = `Pv_Insel.aux'.

LaTeX Font Info:    Checking defaults for OML/cmm/m/it on input line 6.
LaTeX Font Info:    ... okay on input line 6.
LaTeX Font Info:    Checking defaults for OMS/cmsy/m/n on input line 6.
LaTeX Font Info:    ... okay on input line 6.
LaTeX Font Info:    Checking defaults for OT1/cmr/m/n on input line 6.
LaTeX Font Info:    ... okay on input line 6.
LaTeX Font Info:    Checking defaults for T1/cmr/m/n on input line 6.
LaTeX Font Info:    ... okay on input line 6.
LaTeX Font Info:    Checking defaults for TS1/cmr/m/n on input line 6.
LaTeX Font Info:    ... okay on input line 6.
LaTeX Font Info:    Checking defaults for OMX/cmex/m/n on input line 6.
LaTeX Font Info:    ... okay on input line 6.
LaTeX Font Info:    Checking defaults for U/cmr/m/n on input line 6.
LaTeX Font Info:    ... okay on input line 6.
LaTeX Font Info:    Checking defaults for PD1/pdf/m/n on input line 6.
LaTeX Font Info:    ... okay on input line 6.
LaTeX Font Info:    Checking defaults for PU/pdf/m/n on input line 6.
LaTeX Font Info:    ... okay on input line 6.

*geometry* driver: auto-detecting
*geometry* detected driver: pdftex
*geometry* verbose mode - [ preamble ] result:
* driver: pdftex
* paper: a4paper
* layout: <same size as paper>
* layoutoffset:(h,v)=(0.0pt,0.0pt)
* modes: 
* h-part:(L,W,R)=(71.13188pt, 455.24411pt, 71.13188pt)
* v-part:(T,H,B)=(56.9055pt, 717.00946pt, 71.13188pt)
* \paperwidth=597.50787pt
* \paperheight=845.04684pt
* \textwidth=455.24411pt
* \textheight=717.00946pt
* \oddsidemargin=-1.1381pt
* \evensidemargin=-1.1381pt
* \topmargin=-60.7645pt
* \headheight=25.0pt
* \headsep=20.40001pt
* \topskip=11.0pt
* \footskip=42.67912pt
* \marginparwidth=59.7508pt
* \marginparsep=12.8401pt
* \columnsep=10.0pt
* \skip\footins=10.0pt plus 4.0pt minus 2.0pt
* \hoffset=0.0pt
* \voffset=0.0pt
* \mag=1000
* \@twocolumnfalse
* \@twosidefalse
* \@mparswitchfalse
* \@reversemarginfalse
* (1in=72.27pt=25.4mm, 1cm=28.453pt)


(C:\Users\wafra\AppData\Local\Programs\MiKTeX\tex/context/base/mkii\supp-pdf.mk
ii
[Loading MPS to PDF converter (version 2006.09.02).]
\scratchcounter=\count326
\scratchdimen=\dimen193
\scratchbox=\box65
\nofMPsegments=\count327
\nofMParguments=\count328
\everyMPshowfont=\toks31
\MPscratchCnt=\count329
\MPscratchDim=\dimen194
\MPnumerator=\count330
\makeMPintoPDFobject=\count331
\everyMPtoPDFconversion=\toks32
)
(C:\Users\wafra\AppData\Local\Programs\MiKTeX\tex/latex/epstopdf-pkg\epstopdf-b
ase.sty
Package: epstopdf-base 2020-01-24 v2.11 Base part for package epstopdf
Package epstopdf-base Info: Redefining graphics rule for `.eps' on input line 4
85.

(C:\Users\wafra\AppData\Local\Programs\MiKTeX\tex/latex/00miktex\epstopdf-sys.c
fg
File: epstopdf-sys.cfg 2021/03/18 v2.0 Configuration of epstopdf for MiKTeX
))
Package hyperref Info: Link coloring OFF on input line 6.
 (C:/Users/wafra/OneDrive/Dokumente/Lab2/PV-Inselbetrieb\Pv_Insel.out)
(C:/Users/wafra/OneDrive/Dokumente/Lab2/PV-Inselbetrieb\Pv_Insel.out)
\@outlinefile=\write4

! Undefined control sequence.
\Hy@OutlineRerunCheck ->\RerunFileCheck 
                                        {\jobname .out}{\immediate \closeout...
l.6 \begin{document}
                    
? 
\openout4 = `Pv_Insel.out'.

Class scrartcl Info: loading recommended package `bookmark'.
(scrartcl)           Using `bookmark' together with `hyperref' is recommended,
(scrartcl)           because of handling of possible bookmark level gaps.
(scrartcl)           You can avoid loading `bookmark' with KOMA-Script option
(scrartcl)           `bookmarkpackage=false' before \begin{document} and
(scrartcl)           you can avoid this message adding:
(scrartcl)             \usepackage{bookmark}
(scrartcl)           before \begin{document} on input line 6.

! LaTeX Error: File `bookmark.sty' not found.

Type X to quit or <RETURN> to proceed,
or enter new name. (Default extension: sty)

Enter file name: 

Class scrartcl Warning: Trying emergency fix for bookmark level gap,
(scrartcl)              because toclevel of `part' (-1)
(scrartcl)              is more than 1 lower than currently lowest
(scrartcl)              known level (1).
(scrartcl)              Note: This fix can fail and you should load
(scrartcl)              package `bookmark' to avoid usage of this
(scrartcl)              fix on input line 6.

(C:/Users/wafra/OneDrive/Dokumente/Lab2/PV-Inselbetrieb\Sub-Files/style.tex)
(C:/Users/wafra/OneDrive/Dokumente/Lab2/PV-Inselbetrieb\Sub-Files/title.tex
LaTeX Font Info:    Trying to load font information for OT1+lmr on input line 1
.

(C:\Users\wafra\AppData\Local\Programs\MiKTeX\tex/latex/lm\ot1lmr.fd
File: ot1lmr.fd 2015/05/01 v1.6.1 Font defs for Latin Modern
)
LaTeX Font Info:    Trying to load font information for OML+lmm on input line 1
.

(C:\Users\wafra\AppData\Local\Programs\MiKTeX\tex/latex/lm\omllmm.fd
File: omllmm.fd 2015/05/01 v1.6.1 Font defs for Latin Modern
)
LaTeX Font Info:    Trying to load font information for OMS+lmsy on input line 
1.

(C:\Users\wafra\AppData\Local\Programs\MiKTeX\tex/latex/lm\omslmsy.fd
File: omslmsy.fd 2015/05/01 v1.6.1 Font defs for Latin Modern
)
LaTeX Font Info:    Trying to load font information for OMX+lmex on input line 
1.

(C:\Users\wafra\AppData\Local\Programs\MiKTeX\tex/latex/lm\omxlmex.fd
File: omxlmex.fd 2015/05/01 v1.6.1 Font defs for Latin Modern
)
LaTeX Font Info:    External font `lmex10' loaded for size
(Font)              <10.95> on input line 1.
LaTeX Font Info:    External font `lmex10' loaded for size
(Font)              <8> on input line 1.
LaTeX Font Info:    External font `lmex10' loaded for size
(Font)              <6> on input line 1.
LaTeX Font Info:    Trying to load font information for U+msa on input line 1.

(C:\Users\wafra\AppData\Local\Programs\MiKTeX\tex/latex/amsfonts\umsa.fd
File: umsa.fd 2013/01/14 v3.01 AMS symbols A
)
LaTeX Font Info:    Trying to load font information for U+msb on input line 1.

(C:\Users\wafra\AppData\Local\Programs\MiKTeX\tex/latex/amsfonts\umsb.fd
File: umsb.fd 2013/01/14 v3.01 AMS symbols B
)
Package epstopdf Info: Source file: <./Abbildungen//HTWLogo.eps>
(epstopdf)                    date: 2023-05-02 15:36:58
(epstopdf)                    size: 328130 bytes
(epstopdf)             Output file: <./Abbildungen//HTWLogo-eps-converted-to.pd
f>
(epstopdf)                    date: 2023-05-02 15:36:58
(epstopdf)                    size: 27804 bytes
(epstopdf)             Command: <miktex-epstopdf --outfile=./Abbildungen//HTWLo
go-eps-converted-to.pdf ./Abbildungen//HTWLogo.eps>
(epstopdf)             \includegraphics on input line 1.
Package epstopdf Info: Output file is already uptodate.


pdfTeX warning: pdflatex (file C:/Users/wafra/OneDrive/Dokumente/Lab2/PV-Inselb
etrieb/Abbildungen/HTWLogo-eps-converted-to.pdf): PDF inclusion: found PDF vers
ion <1.7>, but at most version <1.5> allowed
<./Abbildungen//HTWLogo-eps-converted-to.pdf, id=3, 155.58125pt x 86.3225pt>
File: ./Abbildungen//HTWLogo-eps-converted-to.pdf Graphic file (type pdf)
<use ./Abbildungen//HTWLogo-eps-converted-to.pdf>
Package pdftex.def Info: ./Abbildungen//HTWLogo-eps-converted-to.pdf  used on i
nput line 1.
(pdftex.def)             Requested size: 36.04643pt x 20.0pt.
! Undefined control sequence.
\pdfstringdef ...empty \else \HyPsd@ProtectSpaces 
                                                  #1\let \HyPsd@String \@emp...
l.1 \begin{titlepage}
                     
? 
! Undefined control sequence.
<recently read> \HyPsd@RemoveMask 
                                  
l.1 \begin{titlepage}
                     
? 
! Undefined control sequence.
\pdfstringdef ...expandafter \@empty #1\HyPsd@End 
                                                  #1\expandafter \HyPsd@Subs...
l.1 \begin{titlepage}
                     
? 

Overfull \hbox (24.41179pt too wide) has occurred while \output is active
[]\T1/lmr/m/n/10.95 1|1|1|[][] 
 []

[1
Non-PDF special ignored!
<special> header=psfrag.pro
{C:/Users/wafra/AppData/Local/MiKTeX/fonts/map/pdftex/pdftex.map}{C:/Users/wafr
a/AppData/Local/Programs/MiKTeX/fonts/enc/dvips/lm/lm-ec.enc}

 <C:/Users/wafra/OneDrive/Dokumente/Lab2/PV-Inselbetrieb/Abbildungen/HTWLogo-ep
s-converted-to.pdf>]
Package epstopdf Info: Source file: <./Abbildungen//HTWLogo.eps>
(epstopdf)                    date: 2023-05-02 15:36:58
(epstopdf)                    size: 328130 bytes
(epstopdf)             Output file: <./Abbildungen//HTWLogo-eps-converted-to.pd
f>
(epstopdf)                    date: 2023-05-02 15:36:58
(epstopdf)                    size: 27804 bytes
(epstopdf)             Command: <miktex-epstopdf --outfile=./Abbildungen//HTWLo
go-eps-converted-to.pdf ./Abbildungen//HTWLogo.eps>
(epstopdf)             \includegraphics on input line 5.
Package epstopdf Info: Output file is already uptodate.
File: ./Abbildungen//HTWLogo-eps-converted-to.pdf Graphic file (type pdf)
<use ./Abbildungen//HTWLogo-eps-converted-to.pdf>
Package pdftex.def Info: ./Abbildungen//HTWLogo-eps-converted-to.pdf  used on i
nput line 5.
(pdftex.def)             Requested size: 136.57462pt x 75.77696pt.


! LaTeX Error: Unknown float option `H'.

See the LaTeX manual or LaTeX Companion for explanation.
Type  H <return>  for immediate help.
 ...                                              
                                                  
l.26 \begin{table}[H]
                     
? 
! Undefined control sequence.
\pdfstringdef ...empty \else \HyPsd@ProtectSpaces 
                                                  #1\let \HyPsd@String \@emp...
l.44 \end{titlepage}
                    
? 
! Undefined control sequence.
<recently read> \HyPsd@RemoveMask 
                                  
l.44 \end{titlepage}
                    
? 
! Undefined control sequence.
\pdfstringdef ...expandafter \@empty #1\HyPsd@End 
                                                  #1\expandafter \HyPsd@Subs...
l.44 \end{titlepage}
                    
? 

Overfull \hbox (24.41179pt too wide) has occurred while \output is active
[]\T1/lmr/m/n/10.95 2|2|2|[][] 
 []

[2])
LaTeX Font Info:    Trying to load font information for T1+lmss on input line 2
9.
 (C:\Users\wafra\AppData\Local\Programs\MiKTeX\tex/latex/lm\t1lmss.fd
File: t1lmss.fd 2015/05/01 v1.6.1 Font defs for Latin Modern
)
(C:/Users/wafra/OneDrive/Dokumente/Lab2/PV-Inselbetrieb\Pv_Insel.toc)
\tf@toc=\write5
\openout5 = `Pv_Insel.toc'.

Package epstopdf Info: Source file: <./Abbildungen//HTWLogo.eps>
(epstopdf)                    date: 2023-05-02 15:36:58
(epstopdf)                    size: 328130 bytes
(epstopdf)             Output file: <./Abbildungen//HTWLogo-eps-converted-to.pd
f>
(epstopdf)                    date: 2023-05-02 15:36:58
(epstopdf)                    size: 27804 bytes
(epstopdf)             Command: <miktex-epstopdf --outfile=./Abbildungen//HTWLo
go-eps-converted-to.pdf ./Abbildungen//HTWLogo.eps>
(epstopdf)             \includegraphics on input line 30.
Package epstopdf Info: Output file is already uptodate.
File: ./Abbildungen//HTWLogo-eps-converted-to.pdf Graphic file (type pdf)
<use ./Abbildungen//HTWLogo-eps-converted-to.pdf>
Package pdftex.def Info: ./Abbildungen//HTWLogo-eps-converted-to.pdf  used on i
nput line 30.
(pdftex.def)             Requested size: 36.04643pt x 20.0pt.

! Undefined control sequence.
\pdfstringdef ...empty \else \HyPsd@ProtectSpaces 
                                                  #1\let \HyPsd@String \@emp...
l.30 \newpage
             
? 
! Undefined control sequence.
<recently read> \HyPsd@RemoveMask 
                                  
l.30 \newpage
             
? 
! Undefined control sequence.
\pdfstringdef ...expandafter \@empty #1\HyPsd@End 
                                                  #1\expandafter \HyPsd@Subs...
l.30 \newpage
             
? 

Overfull \hbox (17.11174pt too wide) has occurred while \output is active
[]\T1/lmr/m/n/10.95 i|i|i|[][] 
 []

[1] (C:/Users/wafra/OneDrive/Dokumente/Lab2/PV-Inselbetrieb\Pv_Insel.lof)
\tf@lof=\write6
\openout6 = `Pv_Insel.lof'.


(C:/Users/wafra/OneDrive/Dokumente/Lab2/PV-Inselbetrieb\Pv_Insel.lot)
\tf@lot=\write7
\openout7 = `Pv_Insel.lot'.


(C:/Users/wafra/OneDrive/Dokumente/Lab2/PV-Inselbetrieb\Sub-Files/AbkVerzeichni
s.tex)
Package epstopdf Info: Source file: <./Abbildungen//HTWLogo.eps>
(epstopdf)                    date: 2023-05-02 15:36:58
(epstopdf)                    size: 328130 bytes
(epstopdf)             Output file: <./Abbildungen//HTWLogo-eps-converted-to.pd
f>
(epstopdf)                    date: 2023-05-02 15:36:58
(epstopdf)                    size: 27804 bytes
(epstopdf)             Command: <miktex-epstopdf --outfile=./Abbildungen//HTWLo
go-eps-converted-to.pdf ./Abbildungen//HTWLogo.eps>
(epstopdf)             \includegraphics on input line 36.
Package epstopdf Info: Output file is already uptodate.
File: ./Abbildungen//HTWLogo-eps-converted-to.pdf Graphic file (type pdf)
<use ./Abbildungen//HTWLogo-eps-converted-to.pdf>
Package pdftex.def Info: ./Abbildungen//HTWLogo-eps-converted-to.pdf  used on i
nput line 36.
(pdftex.def)             Requested size: 36.04643pt x 20.0pt.

! Undefined control sequence.
\pdfstringdef ...empty \else \HyPsd@ProtectSpaces 
                                                  #1\let \HyPsd@String \@emp...
l.36 \newpage
             
? 
! Undefined control sequence.
<recently read> \HyPsd@RemoveMask 
                                  
l.36 \newpage
             
? 
! Undefined control sequence.
\pdfstringdef ...expandafter \@empty #1\HyPsd@End 
                                                  #1\expandafter \HyPsd@Subs...
l.36 \newpage
             
? 

Overfull \hbox (34.36261pt too wide) has occurred while \output is active
[]\T1/lmr/m/n/14.4 ii|ii|ii|[][] 
 []

[2]
(C:/Users/wafra/OneDrive/Dokumente/Lab2/PV-Inselbetrieb\Sub-Files/Versuchsziele
.tex
! Undefined control sequence.
\pdfstringdef ...empty \else \HyPsd@ProtectSpaces 
                                                  #1\let \HyPsd@String \@emp...
l.1 \section{Versuchsziele}
                           
? 
! Undefined control sequence.
<recently read> \HyPsd@RemoveMask 
                                  
l.1 \section{Versuchsziele}
                           
? 
! Undefined control sequence.
\pdfstringdef ...expandafter \@empty #1\HyPsd@End 
                                                  #1\expandafter \HyPsd@Subs...
l.1 \section{Versuchsziele}
                           
? 

Underfull \hbox (badness 10000) in paragraph at lines 3--4

 []


Underfull \hbox (badness 10000) in paragraph at lines 5--6

 []

)
(C:/Users/wafra/OneDrive/Dokumente/Lab2/PV-Inselbetrieb\Sub-Files/Theoretischer
 Hintergrund.tex
! Undefined control sequence.
\pdfstringdef ...empty \else \HyPsd@ProtectSpaces 
                                                  #1\let \HyPsd@String \@emp...
l.1 \section{Theoretischer Hintergrund}
                                       
? 
! Undefined control sequence.
\HyPsd@@RemoveBracesFi ...se \HyPsd@ProtectSpaces 
                                                  \Hy@temp@A \HyPsd@AppendIt...
l.1 \section{Theoretischer Hintergrund}
                                       
? 
! Undefined control sequence.
<recently read> \HyPsd@RemoveMask 
                                  
l.1 \section{Theoretischer Hintergrund}
                                       
? 
! Undefined control sequence.
\pdfstringdef ...expandafter \@empty #1\HyPsd@End 
                                                  #1\expandafter \HyPsd@Subs...
l.1 \section{Theoretischer Hintergrund}
                                       
? 

Overfull \hbox (113.89917pt too wide) in paragraph at lines 1--1
[]\T1/lmr/m/n/14.4 Theoretischer Hin-ter-grundH|Theoretischer#IH#Iintergrund|Th
eoretischer#IH#Iintergrund|[][] 
 []

Package epstopdf Info: Source file: <./Abbildungen//HTWLogo.eps>
(epstopdf)                    date: 2023-05-02 15:36:58
(epstopdf)                    size: 328130 bytes
(epstopdf)             Output file: <./Abbildungen//HTWLogo-eps-converted-to.pd
f>
(epstopdf)                    date: 2023-05-02 15:36:58
(epstopdf)                    size: 27804 bytes
(epstopdf)             Command: <miktex-epstopdf --outfile=./Abbildungen//HTWLo
go-eps-converted-to.pdf ./Abbildungen//HTWLogo.eps>
(epstopdf)             \includegraphics on input line 6.
Package epstopdf Info: Output file is already uptodate.
File: ./Abbildungen//HTWLogo-eps-converted-to.pdf Graphic file (type pdf)
<use ./Abbildungen//HTWLogo-eps-converted-to.pdf>
Package pdftex.def Info: ./Abbildungen//HTWLogo-eps-converted-to.pdf  used on i
nput line 6.
(pdftex.def)             Requested size: 36.04643pt x 20.0pt.
! Undefined control sequence.
\pdfstringdef ...empty \else \HyPsd@ProtectSpaces 
                                                  #1\let \HyPsd@String \@emp...
l.6 \begin{equation}
                    
? 
! Undefined control sequence.
<recently read> \HyPsd@RemoveMask 
                                  
l.6 \begin{equation}
                    
? 
! Undefined control sequence.
\pdfstringdef ...expandafter \@empty #1\HyPsd@End 
                                                  #1\expandafter \HyPsd@Subs...
l.6 \begin{equation}
                    
? 

pdfTeX warning (ext4): destination with the same identifier (name{page.1|}) has
 been already used, duplicate ignored
<to be read again> 
                   \relax 
l.6 \begin{equation}
                    
Overfull \hbox (32.01181pt too wide) has occurred while \output is active
[]\T1/lmr/m/n/14.4 1|1|1|[][] 
 []

[1]
LaTeX Font Info:    External font `lmex10' loaded for size
(Font)              <14.4> on input line 6.
LaTeX Font Info:    External font `lmex10' loaded for size
(Font)              <10> on input line 6.
LaTeX Font Info:    External font `lmex10' loaded for size
(Font)              <7> on input line 6.
)
(C:/Users/wafra/OneDrive/Dokumente/Lab2/PV-Inselbetrieb\Sub-Files/Versuchsbesch
reibung.tex
Underfull \hbox (badness 10000) in paragraph at lines 9--1

 []

! Undefined control sequence.
\pdfstringdef ...empty \else \HyPsd@ProtectSpaces 
                                                  #1\let \HyPsd@String \@emp...
l.1 \section{Versuchsbeschreibug}
                                 
? 
! Undefined control sequence.
<recently read> \HyPsd@RemoveMask 
                                  
l.1 \section{Versuchsbeschreibug}
                                 
? 
! Undefined control sequence.
\pdfstringdef ...expandafter \@empty #1\HyPsd@End 
                                                  #1\expandafter \HyPsd@Subs...
l.1 \section{Versuchsbeschreibug}
                                 
? 

Underfull \hbox (badness 10000) in paragraph at lines 3--4

 []

<Abbildungen/Kennlinie wr.jpg, id=81, 369.38pt x 306.14375pt>
File: Abbildungen/Kennlinie wr.jpg Graphic file (type jpg)
<use Abbildungen/Kennlinie wr.jpg>
Package pdftex.def Info: Abbildungen/Kennlinie wr.jpg  used on input line 8.
(pdftex.def)             Requested size: 227.62206pt x 188.65332pt.

LaTeX Warning: Citation `SPM20' on page 2 undefined on input line 9.


LaTeX Warning: Citation `SPM20' on page 2 undefined on input line 9.


Underfull \hbox (badness 10000) in paragraph at lines 13--14

 []


Underfull \hbox (badness 10000) in paragraph at lines 15--16

 []

Package epstopdf Info: Source file: <./Abbildungen//HTWLogo.eps>
(epstopdf)                    date: 2023-05-02 15:36:58
(epstopdf)                    size: 328130 bytes
(epstopdf)             Output file: <./Abbildungen//HTWLogo-eps-converted-to.pd
f>
(epstopdf)                    date: 2023-05-02 15:36:58
(epstopdf)                    size: 27804 bytes
(epstopdf)             Command: <miktex-epstopdf --outfile=./Abbildungen//HTWLo
go-eps-converted-to.pdf ./Abbildungen//HTWLogo.eps>
(epstopdf)             \includegraphics on input line 16.
Package epstopdf Info: Output file is already uptodate.
File: ./Abbildungen//HTWLogo-eps-converted-to.pdf Graphic file (type pdf)
<use ./Abbildungen//HTWLogo-eps-converted-to.pdf>
Package pdftex.def Info: ./Abbildungen//HTWLogo-eps-converted-to.pdf  used on i
nput line 16.
(pdftex.def)             Requested size: 36.04643pt x 20.0pt.
! Undefined control sequence.
\pdfstringdef ...empty \else \HyPsd@ProtectSpaces 
                                                  #1\let \HyPsd@String \@emp...
l.16 
     
? 
! Undefined control sequence.
<recently read> \HyPsd@RemoveMask 
                                  
l.16 
     
? 
! Undefined control sequence.
\pdfstringdef ...expandafter \@empty #1\HyPsd@End 
                                                  #1\expandafter \HyPsd@Subs...
l.16 
     
? 

pdfTeX warning (ext4): destination with the same identifier (name{page.2|}) has
 been already used, duplicate ignored
<to be read again> 
                   \relax 
l.16 
     
Overfull \hbox (32.01181pt too wide) has occurred while \output is active
[]\T1/lmr/m/n/14.4 2|2|2|[][] 
 []

[2{C:/Users/wafra/AppData/Local/Programs/MiKTeX/fonts/enc/dvips/lm/lm-mathit.en
c}{C:/Users/wafra/AppData/Local/Programs/MiKTeX/fonts/enc/dvips/lm/lm-rm.enc} <
C:/Users/wafra/OneDrive/Dokumente/Lab2/PV-Inselbetrieb/Abbildungen/Kennlinie wr
.jpg>]
LaTeX Font Info:    Trying to load font information for TS1+lmr on input line 2
0.
 (C:\Users\wafra\AppData\Local\Programs\MiKTeX\tex/latex/lm\ts1lmr.fd
File: ts1lmr.fd 2015/05/01 v1.6.1 Font defs for Latin Modern
))
(C:/Users/wafra/OneDrive/Dokumente/Lab2/PV-Inselbetrieb\Sub-Files/Vorbereitungs
fragen.tex
! Undefined control sequence.
\pdfstringdef ...empty \else \HyPsd@ProtectSpaces 
                                                  #1\let \HyPsd@String \@emp...
l.1 \section{Vorbereitungsfragen}
                                 
? 
! Undefined control sequence.
<recently read> \HyPsd@RemoveMask 
                                  
l.1 \section{Vorbereitungsfragen}
                                 
? 
! Undefined control sequence.
\pdfstringdef ...expandafter \@empty #1\HyPsd@End 
                                                  #1\expandafter \HyPsd@Subs...
l.1 \section{Vorbereitungsfragen}
                                 
? 
! Undefined control sequence.
\pdfstringdef ...empty \else \HyPsd@ProtectSpaces 
                                                  #1\let \HyPsd@String \@emp...
l.2 \subsection{Photovoltaik-Inselanlage}
                                         
? 
! Undefined control sequence.
<recently read> \HyPsd@RemoveMask 
                                  
l.2 \subsection{Photovoltaik-Inselanlage}
                                         
? 
! Undefined control sequence.
\pdfstringdef ...expandafter \@empty #1\HyPsd@End 
                                                  #1\expandafter \HyPsd@Subs...
l.2 \subsection{Photovoltaik-Inselanlage}
                                         
? 

Overfull \hbox (9.933pt too wide) in paragraph at lines 2--2
[]\T1/lmr/m/n/14.4 Photovoltaik-Inselanlage|Photovoltaik-Inselanlage|Photovolta
ik-Inselanlage|[][] 
 []

Package epstopdf Info: Source file: <./Abbildungen//HTWLogo.eps>
(epstopdf)                    date: 2023-05-02 15:36:58
(epstopdf)                    size: 328130 bytes
(epstopdf)             Output file: <./Abbildungen//HTWLogo-eps-converted-to.pd
f>
(epstopdf)                    date: 2023-05-02 15:36:58
(epstopdf)                    size: 27804 bytes
(epstopdf)             Command: <miktex-epstopdf --outfile=./Abbildungen//HTWLo
go-eps-converted-to.pdf ./Abbildungen//HTWLogo.eps>
(epstopdf)             \includegraphics on input line 7.
Package epstopdf Info: Output file is already uptodate.
File: ./Abbildungen//HTWLogo-eps-converted-to.pdf Graphic file (type pdf)
<use ./Abbildungen//HTWLogo-eps-converted-to.pdf>
Package pdftex.def Info: ./Abbildungen//HTWLogo-eps-converted-to.pdf  used on i
nput line 7.
(pdftex.def)             Requested size: 36.04643pt x 20.0pt.
! Undefined control sequence.
\pdfstringdef ...empty \else \HyPsd@ProtectSpaces 
                                                  #1\let \HyPsd@String \@emp...
l.7 
    
? 
! Undefined control sequence.
<recently read> \HyPsd@RemoveMask 
                                  
l.7 
    
? 
! Undefined control sequence.
\pdfstringdef ...expandafter \@empty #1\HyPsd@End 
                                                  #1\expandafter \HyPsd@Subs...
l.7 
    
? 

Overfull \hbox (32.01181pt too wide) has occurred while \output is active
[]\T1/lmr/m/n/14.4 3|3|3|[][] 
 []

[3{C:/Users/wafra/AppData/Local/Programs/MiKTeX/fonts/enc/dvips/lm/lm-ts1.enc}{
C:/Users/wafra/AppData/Local/Programs/MiKTeX/fonts/enc/dvips/lm/lm-mathsy.enc}]
! Undefined control sequence.
\pdfstringdef ...empty \else \HyPsd@ProtectSpaces 
                                                  #1\let \HyPsd@String \@emp...
l.8 \subsection{Laderregler}
                            
? 
! Undefined control sequence.
<recently read> \HyPsd@RemoveMask 
                                  
l.8 \subsection{Laderregler}
                            
? 
! Undefined control sequence.
\pdfstringdef ...expandafter \@empty #1\HyPsd@End 
                                                  #1\expandafter \HyPsd@Subs...
l.8 \subsection{Laderregler}
                            
? 
Package epstopdf Info: Source file: <./Abbildungen//HTWLogo.eps>
(epstopdf)                    date: 2023-05-02 15:36:58
(epstopdf)                    size: 328130 bytes
(epstopdf)             Output file: <./Abbildungen//HTWLogo-eps-converted-to.pd
f>
(epstopdf)                    date: 2023-05-02 15:36:58
(epstopdf)                    size: 27804 bytes
(epstopdf)             Command: <miktex-epstopdf --outfile=./Abbildungen//HTWLo
go-eps-converted-to.pdf ./Abbildungen//HTWLogo.eps>
(epstopdf)             \includegraphics on input line 13.
Package epstopdf Info: Output file is already uptodate.
File: ./Abbildungen//HTWLogo-eps-converted-to.pdf Graphic file (type pdf)
<use ./Abbildungen//HTWLogo-eps-converted-to.pdf>
Package pdftex.def Info: ./Abbildungen//HTWLogo-eps-converted-to.pdf  used on i
nput line 13.
(pdftex.def)             Requested size: 36.04643pt x 20.0pt.
! Undefined control sequence.
\pdfstringdef ...empty \else \HyPsd@ProtectSpaces 
                                                  #1\let \HyPsd@String \@emp...
l.13 \subsubsection
                   {Es soll eine defekte Batterie des Batteriesystems aus de...

? 
! Undefined control sequence.
<recently read> \HyPsd@RemoveMask 
                                  
l.13 \subsubsection
                   {Es soll eine defekte Batterie des Batteriesystems aus de...

? 
! Undefined control sequence.
\pdfstringdef ...expandafter \@empty #1\HyPsd@End 
                                                  #1\expandafter \HyPsd@Subs...
l.13 \subsubsection
                   {Es soll eine defekte Batterie des Batteriesystems aus de...

? 

Overfull \hbox (32.01181pt too wide) has occurred while \output is active
[]\T1/lmr/m/n/14.4 4|4|4|[][] 
 []

[4]
! Undefined control sequence.
\pdfstringdef ...empty \else \HyPsd@ProtectSpaces 
                                                  #1\let \HyPsd@String \@emp...
l.16 \subsection{Batteriesysteme}
                                 
? 
! Undefined control sequence.
<recently read> \HyPsd@RemoveMask 
                                  
l.16 \subsection{Batteriesysteme}
                                 
? 
! Undefined control sequence.
\pdfstringdef ...expandafter \@empty #1\HyPsd@End 
                                                  #1\expandafter \HyPsd@Subs...
l.16 \subsection{Batteriesysteme}
                                 
? 
Package epstopdf Info: Source file: <./Abbildungen//HTWLogo.eps>
(epstopdf)                    date: 2023-05-02 15:36:58
(epstopdf)                    size: 328130 bytes
(epstopdf)             Output file: <./Abbildungen//HTWLogo-eps-converted-to.pd
f>
(epstopdf)                    date: 2023-05-02 15:36:58
(epstopdf)                    size: 27804 bytes
(epstopdf)             Command: <miktex-epstopdf --outfile=./Abbildungen//HTWLo
go-eps-converted-to.pdf ./Abbildungen//HTWLogo.eps>
(epstopdf)             \includegraphics on input line 21.
Package epstopdf Info: Output file is already uptodate.
File: ./Abbildungen//HTWLogo-eps-converted-to.pdf Graphic file (type pdf)
<use ./Abbildungen//HTWLogo-eps-converted-to.pdf>
Package pdftex.def Info: ./Abbildungen//HTWLogo-eps-converted-to.pdf  used on i
nput line 21.
(pdftex.def)             Requested size: 36.04643pt x 20.0pt.
! Undefined control sequence.
\pdfstringdef ...empty \else \HyPsd@ProtectSpaces 
                                                  #1\let \HyPsd@String \@emp...
l.21 \subsubsection
                   {Geben Sie die hufig eingesetzten Systemspannungen an! ...

? 
! Undefined control sequence.
<recently read> \HyPsd@RemoveMask 
                                  
l.21 \subsubsection
                   {Geben Sie die hufig eingesetzten Systemspannungen an! ...

? 
! Undefined control sequence.
\pdfstringdef ...expandafter \@empty #1\HyPsd@End 
                                                  #1\expandafter \HyPsd@Subs...
l.21 \subsubsection
                   {Geben Sie die hufig eingesetzten Systemspannungen an! ...

? 

Overfull \hbox (32.01181pt too wide) has occurred while \output is active
[]\T1/lmr/m/n/14.4 5|5|5|[][] 
 []

[5]
! Undefined control sequence.
\pdfstringdef ...empty \else \HyPsd@ProtectSpaces 
                                                  #1\let \HyPsd@String \@emp...
l.24 ...section{Wechselrichter in PV-Inselanlagen}
                                                  
? 
! Undefined control sequence.
\HyPsd@@RemoveBracesFi ...se \HyPsd@ProtectSpaces 
                                                  \Hy@temp@A \HyPsd@AppendIt...
l.24 ...section{Wechselrichter in PV-Inselanlagen}
                                                  
? 
! Undefined control sequence.
\HyPsd@@RemoveBracesFi ...se \HyPsd@ProtectSpaces 
                                                  \Hy@temp@A \HyPsd@AppendIt...
l.24 ...section{Wechselrichter in PV-Inselanlagen}
                                                  
? 
! Undefined control sequence.
<recently read> \HyPsd@RemoveMask 
                                  
l.24 ...section{Wechselrichter in PV-Inselanlagen}
                                                  
? 
! Undefined control sequence.
\pdfstringdef ...expandafter \@empty #1\HyPsd@End 
                                                  #1\expandafter \HyPsd@Subs...
l.24 ...section{Wechselrichter in PV-Inselanlagen}
                                                  
? 

Overfull \hbox (235.34187pt too wide) in paragraph at lines 24--24
[]\T1/lmr/m/n/14.4 Wechselrichter in PV-InselanlageniP|Wechselrichter#Ii#In#IP#
IV-Inselanlagen|Wechselrichter#Ii#In#IP#IV-
 []

Package epstopdf Info: Source file: <./Abbildungen//HTWLogo.eps>
(epstopdf)                    date: 2023-05-02 15:36:58
(epstopdf)                    size: 328130 bytes
(epstopdf)             Output file: <./Abbildungen//HTWLogo-eps-converted-to.pd
f>
(epstopdf)                    date: 2023-05-02 15:36:58
(epstopdf)                    size: 27804 bytes
(epstopdf)             Command: <miktex-epstopdf --outfile=./Abbildungen//HTWLo
go-eps-converted-to.pdf ./Abbildungen//HTWLogo.eps>
(epstopdf)             \includegraphics on input line 28.
Package epstopdf Info: Output file is already uptodate.
File: ./Abbildungen//HTWLogo-eps-converted-to.pdf Graphic file (type pdf)
<use ./Abbildungen//HTWLogo-eps-converted-to.pdf>
Package pdftex.def Info: ./Abbildungen//HTWLogo-eps-converted-to.pdf  used on i
nput line 28.
(pdftex.def)             Requested size: 36.04643pt x 20.0pt.
! Undefined control sequence.
\pdfstringdef ...empty \else \HyPsd@ProtectSpaces 
                                                  #1\let \HyPsd@String \@emp...
l.28     \item D
                ie Signalqualitt der Spannung muss auch unter Last in den ...

? 
! Undefined control sequence.
<recently read> \HyPsd@RemoveMask 
                                  
l.28     \item D
                ie Signalqualitt der Spannung muss auch unter Last in den ...

? 
! Undefined control sequence.
\pdfstringdef ...expandafter \@empty #1\HyPsd@End 
                                                  #1\expandafter \HyPsd@Subs...
l.28     \item D
                ie Signalqualitt der Spannung muss auch unter Last in den ...

? 

Overfull \hbox (32.01181pt too wide) has occurred while \output is active
[]\T1/lmr/m/n/14.4 6|6|6|[][] 
 []

[6]
Package epstopdf Info: Source file: <./Abbildungen//HTWLogo.eps>
(epstopdf)                    date: 2023-05-02 15:36:58
(epstopdf)                    size: 328130 bytes
(epstopdf)             Output file: <./Abbildungen//HTWLogo-eps-converted-to.pd
f>
(epstopdf)                    date: 2023-05-02 15:36:58
(epstopdf)                    size: 27804 bytes
(epstopdf)             Command: <miktex-epstopdf --outfile=./Abbildungen//HTWLo
go-eps-converted-to.pdf ./Abbildungen//HTWLogo.eps>
(epstopdf)             \includegraphics on input line 52.
Package epstopdf Info: Output file is already uptodate.
File: ./Abbildungen//HTWLogo-eps-converted-to.pdf Graphic file (type pdf)
<use ./Abbildungen//HTWLogo-eps-converted-to.pdf>
Package pdftex.def Info: ./Abbildungen//HTWLogo-eps-converted-to.pdf  used on i
nput line 52.
(pdftex.def)             Requested size: 36.04643pt x 20.0pt.

! Undefined control sequence.
\pdfstringdef ...empty \else \HyPsd@ProtectSpaces 
                                                  #1\let \HyPsd@String \@emp...
l.52 \end{equation}
                   
? 
! Undefined control sequence.
<recently read> \HyPsd@RemoveMask 
                                  
l.52 \end{equation}
                   
? 
! Undefined control sequence.
\pdfstringdef ...expandafter \@empty #1\HyPsd@End 
                                                  #1\expandafter \HyPsd@Subs...
l.52 \end{equation}
                   
? 

Overfull \hbox (32.01181pt too wide) has occurred while \output is active
[]\T1/lmr/m/n/14.4 7|7|7|[][] 
 []

[7]
Package epstopdf Info: Source file: <./Abbildungen//HTWLogo.eps>
(epstopdf)                    date: 2023-05-02 15:36:58
(epstopdf)                    size: 328130 bytes
(epstopdf)             Output file: <./Abbildungen//HTWLogo-eps-converted-to.pd
f>
(epstopdf)                    date: 2023-05-02 15:36:58
(epstopdf)                    size: 27804 bytes
(epstopdf)             Command: <miktex-epstopdf --outfile=./Abbildungen//HTWLo
go-eps-converted-to.pdf ./Abbildungen//HTWLogo.eps>
(epstopdf)             \includegraphics on input line 74.
Package epstopdf Info: Output file is already uptodate.
File: ./Abbildungen//HTWLogo-eps-converted-to.pdf Graphic file (type pdf)
<use ./Abbildungen//HTWLogo-eps-converted-to.pdf>
Package pdftex.def Info: ./Abbildungen//HTWLogo-eps-converted-to.pdf  used on i
nput line 74.
(pdftex.def)             Requested size: 36.04643pt x 20.0pt.

! Undefined control sequence.
\pdfstringdef ...empty \else \HyPsd@ProtectSpaces 
                                                  #1\let \HyPsd@String \@emp...
l.74 \subsection
                {Einstrahlung und Umgebungsbedingungen}
? 
! Undefined control sequence.
<recently read> \HyPsd@RemoveMask 
                                  
l.74 \subsection
                {Einstrahlung und Umgebungsbedingungen}
? 
! Undefined control sequence.
\pdfstringdef ...expandafter \@empty #1\HyPsd@End 
                                                  #1\expandafter \HyPsd@Subs...
l.74 \subsection
                {Einstrahlung und Umgebungsbedingungen}
? 

Overfull \hbox (32.01181pt too wide) has occurred while \output is active
[]\T1/lmr/m/n/14.4 8|8|8|[][] 
 []

[8]
! Undefined control sequence.
\pdfstringdef ...empty \else \HyPsd@ProtectSpaces 
                                                  #1\let \HyPsd@String \@emp...
l.74 ...ion{Einstrahlung und Umgebungsbedingungen}
                                                  
? 
! Undefined control sequence.
\HyPsd@@RemoveBracesFi ...se \HyPsd@ProtectSpaces 
                                                  \Hy@temp@A \HyPsd@AppendIt...
l.74 ...ion{Einstrahlung und Umgebungsbedingungen}
                                                  
? 
! Undefined control sequence.
\HyPsd@@RemoveBracesFi ...se \HyPsd@ProtectSpaces 
                                                  \Hy@temp@A \HyPsd@AppendIt...
l.74 ...ion{Einstrahlung und Umgebungsbedingungen}
                                                  
? 
! Undefined control sequence.
<recently read> \HyPsd@RemoveMask 
                                  
l.74 ...ion{Einstrahlung und Umgebungsbedingungen}
                                                  
? 
! Undefined control sequence.
\pdfstringdef ...expandafter \@empty #1\HyPsd@End 
                                                  #1\expandafter \HyPsd@Subs...
l.74 ...ion{Einstrahlung und Umgebungsbedingungen}
                                                  
? 

Overfull \hbox (473.47589pt too wide) in paragraph at lines 74--74
[]\T1/lmr/m/n/14.4 Einstrahlung und Um-ge-bungs-be-din-gun-ge-nuU|Einstrahlung#
Iu#Ind#IU#Imgebungsbedingungen|Einstrahlung#Iu#Ind#IU#Imgebungsbedingungen|[][]
 
 []

Package epstopdf Info: Source file: <./Abbildungen//HTWLogo.eps>
(epstopdf)                    date: 2023-05-02 15:36:58
(epstopdf)                    size: 328130 bytes
(epstopdf)             Output file: <./Abbildungen//HTWLogo-eps-converted-to.pd
f>
(epstopdf)                    date: 2023-05-02 15:36:58
(epstopdf)                    size: 27804 bytes
(epstopdf)             Command: <miktex-epstopdf --outfile=./Abbildungen//HTWLo
go-eps-converted-to.pdf ./Abbildungen//HTWLogo.eps>
(epstopdf)             \includegraphics on input line 91.
Package epstopdf Info: Output file is already uptodate.
File: ./Abbildungen//HTWLogo-eps-converted-to.pdf Graphic file (type pdf)
<use ./Abbildungen//HTWLogo-eps-converted-to.pdf>
Package pdftex.def Info: ./Abbildungen//HTWLogo-eps-converted-to.pdf  used on i
nput line 91.
(pdftex.def)             Requested size: 36.04643pt x 20.0pt.
! Undefined control sequence.
\pdfstringdef ...empty \else \HyPsd@ProtectSpaces 
                                                  #1\let \HyPsd@String \@emp...
l.91     \item D
                ie Bestrahlungsstrke
? 
! Undefined control sequence.
<recently read> \HyPsd@RemoveMask 
                                  
l.91     \item D
                ie Bestrahlungsstrke
? 
! Undefined control sequence.
\pdfstringdef ...expandafter \@empty #1\HyPsd@End 
                                                  #1\expandafter \HyPsd@Subs...
l.91     \item D
                ie Bestrahlungsstrke
? 

Overfull \hbox (32.01181pt too wide) has occurred while \output is active
[]\T1/lmr/m/n/14.4 9|9|9|[][] 
 []

[9])
(C:/Users/wafra/OneDrive/Dokumente/Lab2/PV-Inselbetrieb\Sub-Files/Versuchsdurch
fuehrung.tex
! Undefined control sequence.
\pdfstringdef ...empty \else \HyPsd@ProtectSpaces 
                                                  #1\let \HyPsd@String \@emp...
l.1 \section{Versuchsdurchfhrung}
                                   
? 
! Undefined control sequence.
<recently read> \HyPsd@RemoveMask 
                                  
l.1 \section{Versuchsdurchfhrung}
                                   
? 
! Undefined control sequence.
\pdfstringdef ...expandafter \@empty #1\HyPsd@End 
                                                  #1\expandafter \HyPsd@Subs...
l.1 \section{Versuchsdurchfhrung}
                                   
? 

Overfull \hbox (92.73622pt too wide) in paragraph at lines 1--1
[]\T1/lmr/m/n/14.4 Versuchsdurchf\80\374hrung|Versuchsdurchf\80\374hrung|Versuc
hsdurchf\80\374hrung|[][] 
 []


Underfull \hbox (badness 10000) in paragraph at lines 2--3

 []

)
(C:/Users/wafra/OneDrive/Dokumente/Lab2/PV-Inselbetrieb\Sub-Files/Auswertung.te
x
! Undefined control sequence.
\pdfstringdef ...empty \else \HyPsd@ProtectSpaces 
                                                  #1\let \HyPsd@String \@emp...
l.1 \section{Auswertung}
                        
? 
! Undefined control sequence.
<recently read> \HyPsd@RemoveMask 
                                  
l.1 \section{Auswertung}
                        
? 
! Undefined control sequence.
\pdfstringdef ...expandafter \@empty #1\HyPsd@End 
                                                  #1\expandafter \HyPsd@Subs...
l.1 \section{Auswertung}
                        
? 
! Undefined control sequence.
\pdfstringdef ...empty \else \HyPsd@ProtectSpaces 
                                                  #1\let \HyPsd@String \@emp...
l.2 \subsection{PV Wechselrichter}
                                  
? 
! Undefined control sequence.
\HyPsd@@RemoveBracesFi ...se \HyPsd@ProtectSpaces 
                                                  \Hy@temp@A \HyPsd@AppendIt...
l.2 \subsection{PV Wechselrichter}
                                  
? 
! Undefined control sequence.
<recently read> \HyPsd@RemoveMask 
                                  
l.2 \subsection{PV Wechselrichter}
                                  
? 
! Undefined control sequence.
\pdfstringdef ...expandafter \@empty #1\HyPsd@End 
                                                  #1\expandafter \HyPsd@Subs...
l.2 \subsection{PV Wechselrichter}
                                  
? 

LaTeX Warning: Reference `eq:2' on page 10 undefined on input line 4.

Package epstopdf Info: Source file: <./Abbildungen//HTWLogo.eps>
(epstopdf)                    date: 2023-05-02 15:36:58
(epstopdf)                    size: 328130 bytes
(epstopdf)             Output file: <./Abbildungen//HTWLogo-eps-converted-to.pd
f>
(epstopdf)                    date: 2023-05-02 15:36:58
(epstopdf)                    size: 27804 bytes
(epstopdf)             Command: <miktex-epstopdf --outfile=./Abbildungen//HTWLo
go-eps-converted-to.pdf ./Abbildungen//HTWLogo.eps>
(epstopdf)             \includegraphics on input line 6.
Package epstopdf Info: Output file is already uptodate.
File: ./Abbildungen//HTWLogo-eps-converted-to.pdf Graphic file (type pdf)
<use ./Abbildungen//HTWLogo-eps-converted-to.pdf>
Package pdftex.def Info: ./Abbildungen//HTWLogo-eps-converted-to.pdf  used on i
nput line 6.
(pdftex.def)             Requested size: 36.04643pt x 20.0pt.
! Undefined control sequence.
\pdfstringdef ...empty \else \HyPsd@ProtectSpaces 
                                                  #1\let \HyPsd@String \@emp...
l.6 \begin{equation}
                    
? 
! Undefined control sequence.
<recently read> \HyPsd@RemoveMask 
                                  
l.6 \begin{equation}
                    
? 
! Undefined control sequence.
\pdfstringdef ...expandafter \@empty #1\HyPsd@End 
                                                  #1\expandafter \HyPsd@Subs...
l.6 \begin{equation}
                    
? 

Overfull \hbox (53.16177pt too wide) has occurred while \output is active
[]\T1/lmr/m/n/14.4 10|10|10|[][] 
 []

[10]
Overfull \hbox (401.41873pt too wide) in paragraph at lines 13--23
 [][] 
 []

File: Abbildungen/Kennlinie wr.jpg Graphic file (type jpg)
<use Abbildungen/Kennlinie wr.jpg>
Package pdftex.def Info: Abbildungen/Kennlinie wr.jpg  used on input line 34.
(pdftex.def)             Requested size: 227.62206pt x 188.65332pt.

LaTeX Warning: Reference `fig:WRkennlinie' on page 11 undefined on input line 3
9.

<Abbildungen/MergedImages.png, id=155, 3764.0625pt x 1003.75pt>
File: Abbildungen/MergedImages.png Graphic file (type png)
<use Abbildungen/MergedImages.png>
Package pdftex.def Info: Abbildungen/MergedImages.png  used on input line 45.
(pdftex.def)             Requested size: 227.62206pt x 60.69719pt.
Package epstopdf Info: Source file: <./Abbildungen//HTWLogo.eps>
(epstopdf)                    date: 2023-05-02 15:36:58
(epstopdf)                    size: 328130 bytes
(epstopdf)             Output file: <./Abbildungen//HTWLogo-eps-converted-to.pd
f>
(epstopdf)                    date: 2023-05-02 15:36:58
(epstopdf)                    size: 27804 bytes
(epstopdf)             Command: <miktex-epstopdf --outfile=./Abbildungen//HTWLo
go-eps-converted-to.pdf ./Abbildungen//HTWLogo.eps>
(epstopdf)             \includegraphics on input line 50.
Package epstopdf Info: Output file is already uptodate.
File: ./Abbildungen//HTWLogo-eps-converted-to.pdf Graphic file (type pdf)
<use ./Abbildungen//HTWLogo-eps-converted-to.pdf>
Package pdftex.def Info: ./Abbildungen//HTWLogo-eps-converted-to.pdf  used on i
nput line 50.
(pdftex.def)             Requested size: 36.04643pt x 20.0pt.
! Undefined control sequence.
\pdfstringdef ...empty \else \HyPsd@ProtectSpaces 
                                                  #1\let \HyPsd@String \@emp...
l.50 \subsubsection
                   {Leistungsbeiwert}
? 
! Undefined control sequence.
<recently read> \HyPsd@RemoveMask 
                                  
l.50 \subsubsection
                   {Leistungsbeiwert}
? 
! Undefined control sequence.
\pdfstringdef ...expandafter \@empty #1\HyPsd@End 
                                                  #1\expandafter \HyPsd@Subs...
l.50 \subsubsection
                   {Leistungsbeiwert}
? 

Overfull \hbox (53.16177pt too wide) has occurred while \output is active
[]\T1/lmr/m/n/14.4 11|11|11|[][] 
 []

[11])
Package epstopdf Info: Source file: <./Abbildungen//HTWLogo.eps>
(epstopdf)                    date: 2023-05-02 15:36:58
(epstopdf)                    size: 328130 bytes
(epstopdf)             Output file: <./Abbildungen//HTWLogo-eps-converted-to.pd
f>
(epstopdf)                    date: 2023-05-02 15:36:58
(epstopdf)                    size: 27804 bytes
(epstopdf)             Command: <miktex-epstopdf --outfile=./Abbildungen//HTWLo
go-eps-converted-to.pdf ./Abbildungen//HTWLogo.eps>
(epstopdf)             \includegraphics on input line 47.
Package epstopdf Info: Output file is already uptodate.
File: ./Abbildungen//HTWLogo-eps-converted-to.pdf Graphic file (type pdf)
<use ./Abbildungen//HTWLogo-eps-converted-to.pdf>
Package pdftex.def Info: ./Abbildungen//HTWLogo-eps-converted-to.pdf  used on i
nput line 47.
(pdftex.def)             Requested size: 36.04643pt x 20.0pt.

! Undefined control sequence.
\pdfstringdef ...empty \else \HyPsd@ProtectSpaces 
                                                  #1\let \HyPsd@String \@emp...
l.47 \newpage
             
? 
! Undefined control sequence.
<recently read> \HyPsd@RemoveMask 
                                  
l.47 \newpage
             
? 
! Undefined control sequence.
\pdfstringdef ...expandafter \@empty #1\HyPsd@End 
                                                  #1\expandafter \HyPsd@Subs...
l.47 \newpage
             
? 

Overfull \hbox (53.16177pt too wide) has occurred while \output is active
[]\T1/lmr/m/n/14.4 12|12|12|[][] 
 []

[12 <C:/Users/wafra/OneDrive/Dokumente/Lab2/PV-Inselbetrieb/Abbildungen/MergedI
mages.png

pdfTeX warning: pdflatex (file C:/Users/wafra/OneDrive/Dokumente/Lab2/PV-Inselb
etrieb/Abbildungen/MergedImages.png): large interlaced PNG might cause out of m
emory (use non-interlaced PNG to fix this)
>]
(C:/Users/wafra/OneDrive/Dokumente/Lab2/PV-Inselbetrieb\Sub-Files/Quellen.tex
! Undefined control sequence.
\pdfstringdef ...empty \else \HyPsd@ProtectSpaces 
                                                  #1\let \HyPsd@String \@emp...
l.1 \section{Quellen}
                     
? 
! Undefined control sequence.
<recently read> \HyPsd@RemoveMask 
                                  
l.1 \section{Quellen}
                     
? 
! Undefined control sequence.
\pdfstringdef ...expandafter \@empty #1\HyPsd@End 
                                                  #1\expandafter \HyPsd@Subs...
l.1 \section{Quellen}
                     
? 
(C:/Users/wafra/OneDrive/Dokumente/Lab2/PV-Inselbetrieb\Pv_Insel.bbl
LaTeX Font Info:    Trying to load font information for T1+lmtt on input line 6
.

(C:\Users\wafra\AppData\Local\Programs\MiKTeX\tex/latex/lm\t1lmtt.fd
File: t1lmtt.fd 2015/05/01 v1.6.1 Font defs for Latin Modern
)
Underfull \hbox (badness 10000) in paragraph at lines 10--14
[]\T1/lmr/m/n/14.4 Thermoelektrizitt.  []$\T1/lmtt/m/n/14.4 https : / / de . w
ikipedia . org / wiki /
 []

))
Package epstopdf Info: Source file: <./Abbildungen//HTWLogo.eps>
(epstopdf)                    date: 2023-05-02 15:36:58
(epstopdf)                    size: 328130 bytes
(epstopdf)             Output file: <./Abbildungen//HTWLogo-eps-converted-to.pd
f>
(epstopdf)                    date: 2023-05-02 15:36:58
(epstopdf)                    size: 27804 bytes
(epstopdf)             Command: <miktex-epstopdf --outfile=./Abbildungen//HTWLo
go-eps-converted-to.pdf ./Abbildungen//HTWLogo.eps>
(epstopdf)             \includegraphics on input line 52.
Package epstopdf Info: Output file is already uptodate.
File: ./Abbildungen//HTWLogo-eps-converted-to.pdf Graphic file (type pdf)
<use ./Abbildungen//HTWLogo-eps-converted-to.pdf>
Package pdftex.def Info: ./Abbildungen//HTWLogo-eps-converted-to.pdf  used on i
nput line 52.
(pdftex.def)             Requested size: 36.04643pt x 20.0pt.

! Undefined control sequence.
\pdfstringdef ...empty \else \HyPsd@ProtectSpaces 
                                                  #1\let \HyPsd@String \@emp...
l.52 \newpage
             
? 
! Undefined control sequence.
<recently read> \HyPsd@RemoveMask 
                                  
l.52 \newpage
             
? 
! Undefined control sequence.
\pdfstringdef ...expandafter \@empty #1\HyPsd@End 
                                                  #1\expandafter \HyPsd@Subs...
l.52 \newpage
             
? 

Overfull \hbox (53.16177pt too wide) has occurred while \output is active
[]\T1/lmr/m/n/14.4 13|13|13|[][] 
 []

[13]
(C:/Users/wafra/OneDrive/Dokumente/Lab2/PV-Inselbetrieb\Sub-Files/Anhang.tex
! Undefined control sequence.
\pdfstringdef ...empty \else \HyPsd@ProtectSpaces 
                                                  #1\let \HyPsd@String \@emp...
l.1 \section{Anhang}
                    
? 
! Undefined control sequence.
<recently read> \HyPsd@RemoveMask 
                                  
l.1 \section{Anhang}
                    
? 
! Undefined control sequence.
\pdfstringdef ...expandafter \@empty #1\HyPsd@End 
                                                  #1\expandafter \HyPsd@Subs...
l.1 \section{Anhang}
                    
? 
)
Package epstopdf Info: Source file: <./Abbildungen//HTWLogo.eps>
(epstopdf)                    date: 2023-05-02 15:36:58
(epstopdf)                    size: 328130 bytes
(epstopdf)             Output file: <./Abbildungen//HTWLogo-eps-converted-to.pd
f>
(epstopdf)                    date: 2023-05-02 15:36:58
(epstopdf)                    size: 27804 bytes
(epstopdf)             Command: <miktex-epstopdf --outfile=./Abbildungen//HTWLo
go-eps-converted-to.pdf ./Abbildungen//HTWLogo.eps>
(epstopdf)             \includegraphics on input line 58.
Package epstopdf Info: Output file is already uptodate.
File: ./Abbildungen//HTWLogo-eps-converted-to.pdf Graphic file (type pdf)
<use ./Abbildungen//HTWLogo-eps-converted-to.pdf>
Package pdftex.def Info: ./Abbildungen//HTWLogo-eps-converted-to.pdf  used on i
nput line 58.
(pdftex.def)             Requested size: 36.04643pt x 20.0pt.

! Undefined control sequence.
\pdfstringdef ...empty \else \HyPsd@ProtectSpaces 
                                                  #1\let \HyPsd@String \@emp...
l.58 \end{document}
                   
? 
! Undefined control sequence.
<recently read> \HyPsd@RemoveMask 
                                  
l.58 \end{document}
                   
? 
! Undefined control sequence.
\pdfstringdef ...expandafter \@empty #1\HyPsd@End 
                                                  #1\expandafter \HyPsd@Subs...
l.58 \end{document}
                   
? 

Overfull \hbox (53.16177pt too wide) has occurred while \output is active
[]\T1/lmr/m/n/14.4 14|14|14|[][] 
 []

[14]
Package epstopdf Info: Source file: <./Abbildungen//HTWLogo.eps>
(epstopdf)                    date: 2023-05-02 15:36:58
(epstopdf)                    size: 328130 bytes
(epstopdf)             Output file: <./Abbildungen//HTWLogo-eps-converted-to.pd
f>
(epstopdf)                    date: 2023-05-02 15:36:58
(epstopdf)                    size: 27804 bytes
(epstopdf)             Command: <miktex-epstopdf --outfile=./Abbildungen//HTWLo
go-eps-converted-to.pdf ./Abbildungen//HTWLogo.eps>
(epstopdf)             \includegraphics on input line 58.
Package epstopdf Info: Output file is already uptodate.
File: ./Abbildungen//HTWLogo-eps-converted-to.pdf Graphic file (type pdf)
<use ./Abbildungen//HTWLogo-eps-converted-to.pdf>
Package pdftex.def Info: ./Abbildungen//HTWLogo-eps-converted-to.pdf  used on i
nput line 58.
(pdftex.def)             Requested size: 36.04643pt x 20.0pt.

! Undefined control sequence.
\pdfstringdef ...empty \else \HyPsd@ProtectSpaces 
                                                  #1\let \HyPsd@String \@emp...
l.58 \end{document}
                   
? 
! Undefined control sequence.
<recently read> \HyPsd@RemoveMask 
                                  
l.58 \end{document}
                   
? 
! Undefined control sequence.
\pdfstringdef ...expandafter \@empty #1\HyPsd@End 
                                                  #1\expandafter \HyPsd@Subs...
l.58 \end{document}
                   
? 

Overfull \hbox (53.16177pt too wide) has occurred while \output is active
[]\T1/lmr/m/n/14.4 15|15|15|[][] 
 []

[15] (Pv_Insel.aux)

LaTeX Warning: There were undefined references.


LaTeX Warning: Label(s) may have changed. Rerun to get cross-references right.

 ) 
Here is how much of TeX's memory you used:
 17174 strings out of 476331
 329398 string characters out of 5787766
 1867660 words of memory out of 5000000
 37190 multiletter control sequences out of 15000+600000
 577489 words of font info for 80 fonts, out of 8000000 for 9000
 1141 hyphenation exceptions out of 8191
 113i,24n,121p,10981b,605s stack positions out of 10000i,1000n,20000p,200000b,200000s

pdfTeX warning (dest): name{table.caption.7} has been referenced but does not e
xist, replaced by a fixed one


pdfTeX warning (dest): name{figure.caption.6} has been referenced but does not 
exist, replaced by a fixed one

<C:/Users/wafra/AppData/Local/Programs/MiKTeX/fonts/type1/public/lm/lmbx10.pfb>
<C:/Users/wafra/AppData/Local/Programs/MiKTeX/fonts/type1/public/lm/lmbx12.pfb>
<C:/Users/wafra/AppData/Local/Programs/MiKTeX/fonts/type1/public/lm/lmmi10.pfb>
<C:/Users/wafra/AppData/Local/Programs/MiKTeX/fonts/type1/public/lm/lmmi12.pfb>
<C:/Users/wafra/AppData/Local/Programs/MiKTeX/fonts/type1/public/lm/lmr10.pfb><
C:/Users/wafra/AppData/Local/Programs/MiKTeX/fonts/type1/public/lm/lmr12.pfb><C
:/Users/wafra/AppData/Local/Programs/MiKTeX/fonts/type1/public/lm/lmr17.pfb><C:
/Users/wafra/AppData/Local/Programs/MiKTeX/fonts/type1/public/lm/lmr8.pfb><C:/U
sers/wafra/AppData/Local/Programs/MiKTeX/fonts/type1/public/lm/lmri10.pfb><C:/U
sers/wafra/AppData/Local/Programs/MiKTeX/fonts/type1/public/lm/lmro10.pfb><C:/U
sers/wafra/AppData/Local/Programs/MiKTeX/fonts/type1/public/lm/lmssbx10.pfb><C:
/Users/wafra/AppData/Local/Programs/MiKTeX/fonts/type1/public/lm/lmsy10.pfb><C:
/Users/wafra/AppData/Local/Programs/MiKTeX/fonts/type1/public/lm/lmtt12.pfb>
Output written on Pv_Insel.pdf (19 pages, 3177337 bytes).
PDF statistics:
 276 PDF objects out of 1000 (max. 8388607)
 76 named destinations out of 1000 (max. 500000)
 16 words of extra memory for PDF output out of 10000 (max. 10000000)

